<?xml version="1.0" encoding="UTF-8"?>
<!-- Generated by org.testng.reporters.JUnitXMLReporter -->
<testsuite hostname="IVMLAP268-COM" ignored="0" name="Test" tests="4" failures="1" timestamp="2022-05-05T17:58:03 IST" time="214.451" errors="0">
  <testcase name="Test1" time="60.736" classname="API_Testing.API_Testing.LoginPage"/>
  <testcase name="Test2" time="35.292" classname="API_Testing.API_Testing.LoginPage"/>
  <testcase name="test4" time="24.025" classname="API_Testing.API_Testing.CustomerDetailsPage"/>
  <testcase name="test5" time="94.305" classname="API_Testing.API_Testing.FNA_Journey">
    <failure type="org.openqa.selenium.StaleElementReferenceException" message="The element &amp;apos;By.xpath: //android.widget.Button[contains(@text,&amp;apos;NEXT&amp;apos;)]&amp;apos; is not linked to the same object in DOM anymore
For documentation on this error, please visit: https://www.seleniumhq.org/exceptions/stale_element_reference.html
Build info: version: &amp;apos;3.141.59&amp;apos;, revision: &amp;apos;e82be7d358&amp;apos;, time: &amp;apos;2018-11-14T08:17:03&amp;apos;
System info: host: &amp;apos;IVMLAP268-COM&amp;apos;, ip: &amp;apos;172.10.0.8&amp;apos;, os.name: &amp;apos;Windows 10&amp;apos;, os.arch: &amp;apos;amd64&amp;apos;, os.version: &amp;apos;10.0&amp;apos;, java.version: &amp;apos;1.8.0_321&amp;apos;
Driver info: io.appium.java_client.android.AndroidDriver
Capabilities {appActivity: com.google.android.apps.chr..., appPackage: com.android.chrome, autoAcceptAlerts: true, autoGrantPermissions: true, automationName: UiAutomator2, databaseEnabled: false, desired: {appActivity: com.google.android.apps.chr..., appPackage: com.android.chrome, autoAcceptAlerts: true, autoGrantPermissions: true, automationName: UiAutomator2, platformName: android, udid: emulator-5554}, deviceApiLevel: 29, deviceManufacturer: Google, deviceModel: Android SDK built for x86, deviceName: emulator-5554, deviceScreenDensity: 560, deviceScreenSize: 1440x3040, deviceUDID: emulator-5554, javascriptEnabled: true, locationContextEnabled: false, networkConnectionEnabled: true, pixelRatio: 3.5, platform: LINUX, platformName: Android, platformVersion: 10, statBarHeight: 98, takesScreenshot: true, udid: emulator-5554, viewportRect: {height: 2774, left: 0, top: 98, width: 1440}, warnings: {}, webStorageEnabled: false}
Session ID: 44191160-c97f-48dd-bd9a-0cc731032daa">
      <![CDATA[org.openqa.selenium.StaleElementReferenceException: The element 'By.xpath: //android.widget.Button[contains(@text,'NEXT')]' is not linked to the same object in DOM anymore
For documentation on this error, please visit: https://www.seleniumhq.org/exceptions/stale_element_reference.html
Build info: version: '3.141.59', revision: 'e82be7d358', time: '2018-11-14T08:17:03'
System info: host: 'IVMLAP268-COM', ip: '172.10.0.8', os.name: 'Windows 10', os.arch: 'amd64', os.version: '10.0', java.version: '1.8.0_321'
Driver info: io.appium.java_client.android.AndroidDriver
Capabilities {appActivity: com.google.android.apps.chr..., appPackage: com.android.chrome, autoAcceptAlerts: true, autoGrantPermissions: true, automationName: UiAutomator2, databaseEnabled: false, desired: {appActivity: com.google.android.apps.chr..., appPackage: com.android.chrome, autoAcceptAlerts: true, autoGrantPermissions: true, automationName: UiAutomator2, platformName: android, udid: emulator-5554}, deviceApiLevel: 29, deviceManufacturer: Google, deviceModel: Android SDK built for x86, deviceName: emulator-5554, deviceScreenDensity: 560, deviceScreenSize: 1440x3040, deviceUDID: emulator-5554, javascriptEnabled: true, locationContextEnabled: false, networkConnectionEnabled: true, pixelRatio: 3.5, platform: LINUX, platformName: Android, platformVersion: 10, statBarHeight: 98, takesScreenshot: true, udid: emulator-5554, viewportRect: {height: 2774, left: 0, top: 98, width: 1440}, warnings: {}, webStorageEnabled: false}
Session ID: 44191160-c97f-48dd-bd9a-0cc731032daa
at org.openqa.selenium.remote.http.W3CHttpResponseCodec.createException(W3CHttpResponseCodec.java:187)
at org.openqa.selenium.remote.http.W3CHttpResponseCodec.decode(W3CHttpResponseCodec.java:122)
at org.openqa.selenium.remote.http.W3CHttpResponseCodec.decode(W3CHttpResponseCodec.java:49)
at org.openqa.selenium.remote.HttpCommandExecutor.execute(HttpCommandExecutor.java:158)
at io.appium.java_client.remote.AppiumCommandExecutor.execute(AppiumCommandExecutor.java:239)
at org.openqa.selenium.remote.RemoteWebDriver.execute(RemoteWebDriver.java:552)
at io.appium.java_client.DefaultGenericMobileDriver.execute(DefaultGenericMobileDriver.java:41)
at io.appium.java_client.AppiumDriver.execute(AppiumDriver.java:1)
at io.appium.java_client.android.AndroidDriver.execute(AndroidDriver.java:1)
at org.openqa.selenium.remote.RemoteWebElement.execute(RemoteWebElement.java:285)
at io.appium.java_client.DefaultGenericMobileElement.execute(DefaultGenericMobileElement.java:45)
at io.appium.java_client.MobileElement.execute(MobileElement.java:1)
at io.appium.java_client.android.AndroidElement.execute(AndroidElement.java:1)
at org.openqa.selenium.remote.RemoteWebElement.click(RemoteWebElement.java:84)
at API_Testing.API_Testing.FNA_Journey.test5(FNA_Journey.java:49)
at java.util.ArrayList.forEach(Unknown Source)
... Removed 31 stack frames]]>
    </failure>
  </testcase> <!-- test5 -->
</testsuite> <!-- Test -->
