<?xml version="1.0" encoding="UTF-8"?>
<testng-results skipped="0" failed="0" ignored="0" total="2" passed="2">
  <reporter-output>
  </reporter-output>
  <suite name="Default suite" duration-ms="51" started-at="2022-04-29T13:39:58 IST" finished-at="2022-04-29T13:39:58 IST">
    <groups>
    </groups>
    <test name="Default test" duration-ms="51" started-at="2022-04-29T13:39:58 IST" finished-at="2022-04-29T13:39:58 IST">
      <class name="TestNG.TestingforTEstNG">
        <test-method status="PASS" signature="getText1()[pri:0, instance:TestNG.TestingforTEstNG@3cb1ffe6]" name="getText1" duration-ms="10" started-at="2022-04-29T13:39:58 IST" finished-at="2022-04-29T13:39:58 IST">
          <reporter-output>
          </reporter-output>
        </test-method> <!-- getText1 -->
        <test-method status="PASS" signature="getText2()[pri:0, instance:TestNG.TestingforTEstNG@3cb1ffe6]" name="getText2" duration-ms="1" started-at="2022-04-29T13:39:58 IST" finished-at="2022-04-29T13:39:58 IST">
          <reporter-output>
          </reporter-output>
        </test-method> <!-- getText2 -->
      </class> <!-- TestNG.TestingforTEstNG -->
    </test> <!-- Default test -->
  </suite> <!-- Default suite -->
</testng-results>
