<?xml version="1.0" encoding="UTF-8"?>
<!-- Generated by org.testng.reporters.JUnitXMLReporter -->
<testsuite ignored="0" hostname="IVMLAP268-COM" failures="0" tests="3" name="Default test" time="6.869" errors="0" timestamp="27 Jul 2022 06:45:25 GMT">
  <testcase classname="package1.DynamicJson" name="addBook" time="5.398"/>
  <testcase classname="package1.DynamicJson" name="addBook" time="0.801"/>
  <testcase classname="package1.DynamicJson" name="addBook" time="0.625"/>
</testsuite> <!-- Default test -->
